app/build/outputs/logs/manifest-merger-debug-report.txt
-- Merging decision tree log ---
manifest
ADDED from src\main\AndroidManifest.xml:2:1-168:12
	package
		ADDED from src\main\AndroidManifest.xml:3:5-42
		INJECTED from src\main\AndroidManifest.xml
		INJECTED from src\main\AndroidManifest.xml
	android:versionName
		ADDED from src\main\AndroidManifest.xml:5:5-30
		INJECTED from src\main\AndroidManifest.xml
		INJECTED from src\main\AndroidManifest.xml
	android:versionCode
		ADDED from src\main\AndroidManifest.xml:4:5-28
		INJECTED from src\main\AndroidManifest.xml
		INJECTED from src\main\AndroidManifest.xml
	xmlns:android
		ADDED from src\main\AndroidManifest.xml:2:11-69
uses-sdk
ADDED from src\main\AndroidManifest.xml:7:5-9:41
	android:targetSdkVersion
		ADDED from src\main\AndroidManifest.xml:9:9-38
		INJECTED from src\main\AndroidManifest.xml
		INJECTED from src\main\AndroidManifest.xml
	android:minSdkVersion
		ADDED from src\main\AndroidManifest.xml:8:9-35
		INJECTED from src\main\AndroidManifest.xml
		INJECTED from src\main\AndroidManifest.xml
permission#android.permission.BAIDU_LOCATION_SERVICE
ADDED from src\main\AndroidManifest.xml:11:9-12:18
	android:name
		ADDED from src\main\AndroidManifest.xml:11:21-77
uses-permission#android.permission.BAIDU_LOCATION_SERVICE
ADDED from src\main\AndroidManifest.xml:14:5-15:23
	android:name
		ADDED from src\main\AndroidManifest.xml:14:22-78
uses-permission#android.permission.ACCESS_COARSE_LOCATION
ADDED from src\main\AndroidManifest.xml:16:5-17:23
	android:name
		ADDED from src\main\AndroidManifest.xml:16:22-78
uses-permission#android.permission.ACCESS_FINE_LOCATION
ADDED from src\main\AndroidManifest.xml:18:5-19:23
	android:name
		ADDED from src\main\AndroidManifest.xml:18:22-76
uses-permission#android.permission.ACCESS_WIFI_STATE
ADDED from src\main\AndroidManifest.xml:20:5-21:23
	android:name
		ADDED from src\main\AndroidManifest.xml:20:22-73
uses-permission#android.permission.ACCESS_NETWORK_STATE
ADDED from src\main\AndroidManifest.xml:22:5-23:23
	android:name
		ADDED from src\main\AndroidManifest.xml:22:22-76
uses-permission#android.permission.CHANGE_WIFI_STATE
ADDED from src\main\AndroidManifest.xml:24:5-25:23
	android:name
		ADDED from src\main\AndroidManifest.xml:24:22-73
uses-permission#android.permission.READ_PHONE_STATE
ADDED from src\main\AndroidManifest.xml:26:5-27:23
	android:name
		ADDED from src\main\AndroidManifest.xml:26:22-72
uses-permission#android.permission.WRITE_EXTERNAL_STORAGE
ADDED from src\main\AndroidManifest.xml:28:5-29:23
	android:name
		ADDED from src\main\AndroidManifest.xml:28:22-78
uses-permission#android.permission.INTERNET
ADDED from src\main\AndroidManifest.xml:30:5-67
	android:name
		ADDED from src\main\AndroidManifest.xml:30:22-64
uses-permission#android.permission.MOUNT_UNMOUNT_FILESYSTEMS
ADDED from src\main\AndroidManifest.xml:31:5-32:23
	android:name
		ADDED from src\main\AndroidManifest.xml:31:22-81
uses-permission#android.permission.READ_LOGS
ADDED from src\main\AndroidManifest.xml:33:5-34:23
	android:name
		ADDED from src\main\AndroidManifest.xml:33:22-65
uses-feature#android.hardware.camera
ADDED from src\main\AndroidManifest.xml:36:2-57
	android:name
		ADDED from src\main\AndroidManifest.xml:36:16-54
uses-feature#android.hardware.camera.autofocus
ADDED from src\main\AndroidManifest.xml:37:2-67
	android:name
		ADDED from src\main\AndroidManifest.xml:37:16-64
uses-permission#android.permission.CAMERA
ADDED from src\main\AndroidManifest.xml:41:5-65
	android:name
		ADDED from src\main\AndroidManifest.xml:41:22-62
uses-permission#android.permission.READ_EXTERNAL_STORAGE
ADDED from src\main\AndroidManifest.xml:45:5-80
	android:name
		ADDED from src\main\AndroidManifest.xml:45:22-77
application
ADDED from src\main\AndroidManifest.xml:58:5-166:23
	android:label
		ADDED from src\main\AndroidManifest.xml:61:9-41
	android:allowBackup
		ADDED from src\main\AndroidManifest.xml:59:9-35
	android:icon
		ADDED from src\main\AndroidManifest.xml:60:9-38
	android:theme
		ADDED from src\main\AndroidManifest.xml:63:10-57
	android:name
		ADDED from src\main\AndroidManifest.xml:62:9-54
meta-data#com.baidu.lbsapi.API_KEY
ADDED from src\main\AndroidManifest.xml:65:10-67:64
	android:value
		ADDED from src\main\AndroidManifest.xml:67:13-61
	android:name
		ADDED from src\main\AndroidManifest.xml:66:13-52
activity#com.guyu.fragmenttabhost.AppStartActivity
ADDED from src\main\AndroidManifest.xml:76:9-87:20
	android:screenOrientation
		ADDED from src\main\AndroidManifest.xml:80:14-50
	android:label
		ADDED from src\main\AndroidManifest.xml:78:13-45
	android:icon
		ADDED from src\main\AndroidManifest.xml:79:13-46
	android:theme
		ADDED from src\main\AndroidManifest.xml:81:13-47
	android:name
		ADDED from src\main\AndroidManifest.xml:77:13-69
intent-filter#android.intent.action.MAIN+android.intent.category.LAUNCHER
ADDED from src\main\AndroidManifest.xml:83:13-86:29
action#android.intent.action.MAIN
ADDED from src\main\AndroidManifest.xml:84:17-69
	android:name
		ADDED from src\main\AndroidManifest.xml:84:25-66
category#android.intent.category.LAUNCHER
ADDED from src\main\AndroidManifest.xml:85:17-77
	android:name
		ADDED from src\main\AndroidManifest.xml:85:27-74
activity#com.guyu.fragmenttabhost.MainActivity
ADDED from src\main\AndroidManifest.xml:90:11-95:20
	android:windowSoftInputMode
		ADDED from src\main\AndroidManifest.xml:92:14-69
	android:name
		ADDED from src\main\AndroidManifest.xml:91:13-65
activity#com.guyu.fragmenttabhost.SettingActivity
ADDED from src\main\AndroidManifest.xml:99:9-102:20
	android:label
		ADDED from src\main\AndroidManifest.xml:101:13-45
	android:name
		ADDED from src\main\AndroidManifest.xml:100:13-68
activity#com.guyu.fragmenttabhost.RegisterActivity
ADDED from src\main\AndroidManifest.xml:103:9-106:20
	android:label
		ADDED from src\main\AndroidManifest.xml:105:13-60
	android:name
		ADDED from src\main\AndroidManifest.xml:104:13-69
activity#com.guyu.fragmenttabhost.LoginActivity
ADDED from src\main\AndroidManifest.xml:107:9-111:20
	android:label
		ADDED from src\main\AndroidManifest.xml:109:13-57
	android:theme
		ADDED from src\main\AndroidManifest.xml:110:15-49
	android:name
		ADDED from src\main\AndroidManifest.xml:108:13-66
activity#com.guyu.fragmenttabhost.FashionActivity
ADDED from src\main\AndroidManifest.xml:112:9-116:20
	android:label
		ADDED from src\main\AndroidManifest.xml:115:13-59
	android:configChanges
		ADDED from src\main\AndroidManifest.xml:114:13-63
	android:name
		ADDED from src\main\AndroidManifest.xml:113:13-68
activity#com.guyu.fragmenttabhost.MyActivity
ADDED from src\main\AndroidManifest.xml:117:9-121:20
	android:label
		ADDED from src\main\AndroidManifest.xml:120:13-54
	android:configChanges
		ADDED from src\main\AndroidManifest.xml:119:13-63
	android:name
		ADDED from src\main\AndroidManifest.xml:118:13-63
activity#com.guyu.fragmenttabhost.AboutCoolActivity
ADDED from src\main\AndroidManifest.xml:122:9-125:20
	android:label
		ADDED from src\main\AndroidManifest.xml:124:13-62
	android:name
		ADDED from src\main\AndroidManifest.xml:123:13-70
activity#com.guyu.fragmenttabhost.HahItemActivity
ADDED from src\main\AndroidManifest.xml:126:9-129:20
	android:label
		ADDED from src\main\AndroidManifest.xml:128:13-60
	android:name
		ADDED from src\main\AndroidManifest.xml:127:13-68
activity#com.guyu.imageXz.ImageGridActivity
ADDED from src\main\AndroidManifest.xml:130:9-131:20
	android:name
		ADDED from src\main\AndroidManifest.xml:130:19-68
activity#com.guyu.imageXz.PublishedActivity
ADDED from src\main\AndroidManifest.xml:132:9-136:20
	android:screenOrientation
		ADDED from src\main\AndroidManifest.xml:134:17-53
	android:theme
		ADDED from src\main\AndroidManifest.xml:135:13-47
	android:name
		ADDED from src\main\AndroidManifest.xml:133:13-62
activity#com.guyu.imageXz.PhotoActivity
ADDED from src\main\AndroidManifest.xml:137:9-138:20
	android:name
		ADDED from src\main\AndroidManifest.xml:137:19-64
activity#com.guyu.imageXz.TestPicActivity
ADDED from src\main\AndroidManifest.xml:139:9-140:20
	android:name
		ADDED from src\main\AndroidManifest.xml:139:19-66
activity#com.guyu.fragmenttabhost.WebDIYActivity
ADDED from src\main\AndroidManifest.xml:147:9-86
	android:name
		ADDED from src\main\AndroidManifest.xml:147:19-73
activity#com.guyu.fragmenttabhost.MapImageActivity
ADDED from src\main\AndroidManifest.xml:148:12-91
	android:name
		ADDED from src\main\AndroidManifest.xml:148:22-78
activity#com.guyu.imageShare.ImagePagerActivity
ADDED from src\main\AndroidManifest.xml:150:11-86
	android:name
		ADDED from src\main\AndroidManifest.xml:150:21-74
service#com.baidu.location.f
ADDED from src\main\AndroidManifest.xml:154:9-162:19
	android:enabled
		ADDED from src\main\AndroidManifest.xml:156:13-35
	android:process
		ADDED from src\main\AndroidManifest.xml:157:13-38
	android:name
		ADDED from src\main\AndroidManifest.xml:155:13-48
intent-filter#com.baidu.location.service_v2.2
ADDED from src\main\AndroidManifest.xml:158:13-161:29
action#com.baidu.location.service_v2.2
ADDED from src\main\AndroidManifest.xml:159:17-160:26
	android:name
		ADDED from src\main\AndroidManifest.xml:159:25-71